#
# A fatal error has been detected by the Java Runtime Environment:
#
#  SIGSEGV (0xb) at pc=0xb4974daf, pid=30433, tid=2328275824
#
# JRE version: 6.0_22-b22
# Java VM: OpenJDK Server VM (20.0-b11 mixed mode linux-x86 )
# Derivative: IcedTea6 1.10.1
# Distribution: Ubuntu Natty (development branch), package 6b22-1.10.1-0ubuntu1
# Problematic frame:
# J  org.eclipse.jdt.internal.compiler.lookup.MethodBinding.signature(Lorg/eclipse/jdt/internal/compiler/ClassFile;)[C
#
# If you would like to submit a bug report, please include
# instructions how to reproduce the bug and visit:
#   https://bugs.launchpad.net/ubuntu/+source/openjdk-6/
#

---------------  T H R E A D  ---------------

Current thread (0x0966ec00):  JavaThread "Code server for cupido from Mozilla/5.0 (X11; Linux i686) AppleWebKit/534.24 (KHTML, like Gecko) Chrome/11.0.696.71 Safari/534.24 on http://127.0.0.1:8888/Cupido.html?gwt.codesvr=127.0.0.1:9997 @ F5fuJ(PVMdW9^-}i" daemon [_thread_in_Java, id=30558, stack(0x8ac1a000,0x8ac6b000)]

siginfo:si_signo=SIGSEGV: si_errno=0, si_code=128 (), si_addr=0x00000000

Registers:
EAX=0x0000000f, EBX=0x00000034, ECX=0x0000000d, EDX=0xb0e6cdf4
ESP=0x8ac696b0, EBP=0x00000078, ESI=0x00000015, EDI=0xb0e6cde8
EIP=0xb4974daf, EFLAGS=0x00010287, CR2=0x00000004

Top of Stack: (sp=0x8ac696b0)
0x8ac696b0:   8d338720 00000000 8ac696c8 b43597b8
0x8ac696c0:   b0e544e0 00000001 b0e477e0 0966ec00
0x8ac696d0:   b0e6cdd8 b0e6ce20 00000033 b0e6cde8
0x8ac696e0:   0000007b 00000034 b0e6ce98 b0e6cea8
0x8ac696f0:   b0e6cea4 00000000 b492f040 00000000
0x8ac69700:   00000000 00000000 00000001 00000000
0x8ac69710:   00000200 00000000 00000002 00000007
0x8ac69720:   b0e5a0d8 00000001 8ac69774 b4718047 

Instructions: (pc=0xb4974daf)
0xb4974d8f:   00 8b 7c 24 34 3b fe 0f 82 58 29 00 00 85 f6 0f
0xb4974d9f:   8e 89 29 00 00 8b 7c 24 2c 8d 57 0c 3b 74 24 34
0xb4974daf:   0f 8c 79 1c 00 00 8b 3a 8b 54 24 40 89 3a 8b 7c
0xb4974dbf:   24 2c 8d 4f 10 83 c5 f0 c1 ed 03 89 0c 24 ff 74 

Register to memory mapping:

EAX=0x0000000f is an unknown value
EBX=0x00000034 is an unknown value
ECX=0x0000000d is an unknown value
EDX=0xb0e6cdf4 is an unknown value
ESP=0x8ac696b0 is pointing into the stack for thread: 0x0966ec00
EBP=0x00000078 is an unknown value
ESI=0x00000015 is an unknown value
EDI=0xb0e6cde8 is an oop
[C 
 - klass: {type array char}
 - length: 21


Stack: [0x8ac1a000,0x8ac6b000],  sp=0x8ac696b0,  free space=317k
Native frames: (J=compiled Java code, j=interpreted, Vv=VM code, C=native code)
J  org.eclipse.jdt.internal.compiler.lookup.MethodBinding.signature(Lorg/eclipse/jdt/internal/compiler/ClassFile;)[C

[error occurred during error reporting (printing native stack), id 0xb]


---------------  P R O C E S S  ---------------

Java Threads: ( => current thread )
=>0x0966ec00 JavaThread "Code server for cupido from Mozilla/5.0 (X11; Linux i686) AppleWebKit/534.24 (KHTML, like Gecko) Chrome/11.0.696.71 Safari/534.24 on http://127.0.0.1:8888/Cupido.html?gwt.codesvr=127.0.0.1:9997 @ F5fuJ(PVMdW9^-}i" daemon [_thread_in_Java, id=30558, stack(0x8ac1a000,0x8ac6b000)]
  0x8b03e400 JavaThread "btpool0-6" [_thread_blocked, id=30555, stack(0x8ac6b000,0x8acbc000)]
  0x8b2e2800 JavaThread "btpool0-5" [_thread_blocked, id=30554, stack(0x8acbc000,0x8ad0d000)]
  0x8b2e1c00 JavaThread "btpool0-4" [_thread_blocked, id=30553, stack(0x8ad0d000,0x8ad5e000)]
  0x8b2e5800 JavaThread "btpool0-3" [_thread_blocked, id=30552, stack(0x8ad5e000,0x8adaf000)]
  0x8b2e5400 JavaThread "btpool0-2" [_thread_blocked, id=30551, stack(0x8adaf000,0x8ae00000)]
  0x8b531400 JavaThread "Timer-1" daemon [_thread_blocked, id=30463, stack(0x8af29000,0x8af7a000)]
  0x8b272800 JavaThread "btpool0-1 - Acceptor0 SelectChannelConnector@127.0.0.1:8888" [_thread_in_native, id=30462, stack(0x8b36b000,0x8b3bc000)]
  0x8b271800 JavaThread "btpool0-0" [_thread_blocked, id=30461, stack(0x8b4af000,0x8b500000)]
  0x8b297c00 JavaThread "GC Daemon" daemon [_thread_blocked, id=30460, stack(0x8b693000,0x8b6e4000)]
  0x8b521800 JavaThread "com.google.gwt.thirdparty.guava.common.base.internal.Finalizer" daemon [_thread_blocked, id=30459, stack(0x8b3bc000,0x8b40d000)]
  0x8b518c00 JavaThread "Code server listener" daemon [_thread_in_native, id=30458, stack(0x8b40d000,0x8b45e000)]
  0x8b512400 JavaThread "Timer-0" daemon [_thread_blocked, id=30457, stack(0x8b45e000,0x8b4af000)]
  0x8c15fc00 JavaThread "Thread-1" daemon [_thread_blocked, id=30454, stack(0x8b6e4000,0x8b735000)]
  0x8c152800 JavaThread "Thread-0" [_thread_in_native, id=30453, stack(0x8b735000,0x8b786000)]
  0x8c102c00 JavaThread "Low Memory Detector" daemon [_thread_blocked, id=30449, stack(0x8ba76000,0x8bac7000)]
  0x8c101000 JavaThread "C2 CompilerThread1" daemon [_thread_in_native, id=30448, stack(0x8bac7000,0x8bb48000)]
  0x093f8800 JavaThread "C2 CompilerThread0" daemon [_thread_in_native, id=30447, stack(0x8bb48000,0x8bbc9000)]
  0x093f7000 JavaThread "Signal Dispatcher" daemon [_thread_blocked, id=30446, stack(0x8bbc9000,0x8bc1a000)]
  0x093e7400 JavaThread "Finalizer" daemon [_thread_blocked, id=30445, stack(0x8be1a000,0x8be6b000)]
  0x093e2c00 JavaThread "Reference Handler" daemon [_thread_blocked, id=30444, stack(0x8be6b000,0x8bebc000)]
  0x09337400 JavaThread "main" [_thread_blocked, id=30438, stack(0xb7715000,0xb7766000)]

Other Threads:
  0x093dec00 VMThread [stack: 0x8bebc000,0x8bf3d000] [id=30443]
  0x8c104c00 WatcherThread [stack: 0x8b9f5000,0x8ba76000] [id=30450]

VM state:not at safepoint (normal execution)

VM Mutex/Monitor currently owned by a thread: None

Heap
 PSYoungGen      total 145984K, used 138795K [0xa9bb0000, 0xb4650000, 0xb4650000)
  eden space 124288K, 95% used [0xa9bb0000,0xb0f3f130,0xb1510000)
  from space 21696K, 94% used [0xb3120000,0xb451bb98,0xb4650000)
  to   space 25216K, 0% used [0xb1510000,0xb1510000,0xb2db0000)
 PSOldGen        total 74240K, used 44787K [0x94650000, 0x98ed0000, 0xa9bb0000)
  object space 74240K, 60% used [0x94650000,0x9720ce30,0x98ed0000)
 PSPermGen       total 28672K, used 17055K [0x8c650000, 0x8e250000, 0x94650000)
  object space 28672K, 59% used [0x8c650000,0x8d6f7e00,0x8e250000)

Code Cache  [0xb4715000, 0xb4985000, 0xb7715000)
 total_blobs=768 nmethods=628 adapters=93 free_code_cache=47838592 largest_free_block=20864

Dynamic libraries:
00110000-001ef000 r-xp 00000000 08:05 134740     /usr/lib/i386-linux-gnu/libstdc++.so.6.0.14
001ef000-001f3000 r--p 000de000 08:05 134740     /usr/lib/i386-linux-gnu/libstdc++.so.6.0.14
001f3000-001f4000 rw-p 000e2000 08:05 134740     /usr/lib/i386-linux-gnu/libstdc++.so.6.0.14
001f4000-001fb000 rw-p 00000000 00:00 0 
001fb000-001fd000 r-xp 00000000 08:05 134651     /usr/lib/i386-linux-gnu/libXau.so.6.0.0
001fd000-001fe000 r--p 00001000 08:05 134651     /usr/lib/i386-linux-gnu/libXau.so.6.0.0
001fe000-001ff000 rw-p 00002000 08:05 134651     /usr/lib/i386-linux-gnu/libXau.so.6.0.0
00200000-00202000 r-xp 00000000 08:05 1311564    /lib/i386-linux-gnu/libdl-2.13.so
00202000-00203000 r--p 00001000 08:05 1311564    /lib/i386-linux-gnu/libdl-2.13.so
00203000-00204000 rw-p 00002000 08:05 1311564    /lib/i386-linux-gnu/libdl-2.13.so
00204000-0020f000 r-xp 00000000 08:05 267478     /usr/lib/jvm/java-6-openjdk/jre/lib/i386/libverify.so
0020f000-00210000 ---p 0000b000 08:05 267478     /usr/lib/jvm/java-6-openjdk/jre/lib/i386/libverify.so
00210000-00211000 r--p 0000b000 08:05 267478     /usr/lib/jvm/java-6-openjdk/jre/lib/i386/libverify.so
00211000-00212000 rw-p 0000c000 08:05 267478     /usr/lib/jvm/java-6-openjdk/jre/lib/i386/libverify.so
00212000-00225000 r-xp 00000000 08:05 1311594    /lib/i386-linux-gnu/libnsl-2.13.so
00225000-00226000 r--p 00012000 08:05 1311594    /lib/i386-linux-gnu/libnsl-2.13.so
00226000-00227000 rw-p 00013000 08:05 1311594    /lib/i386-linux-gnu/libnsl-2.13.so
00227000-00229000 rw-p 00000000 00:00 0 
00229000-0026c000 r-xp 00000000 08:05 1315130    /usr/lib/jvm/java-6-openjdk/jre/lib/i386/xawt/libmawt.so
0026c000-0026d000 r--p 00042000 08:05 1315130    /usr/lib/jvm/java-6-openjdk/jre/lib/i386/xawt/libmawt.so
0026d000-0026f000 rw-p 00043000 08:05 1315130    /usr/lib/jvm/java-6-openjdk/jre/lib/i386/xawt/libmawt.so
0026f000-00270000 rw-p 00000000 00:00 0 
00270000-0027d000 r-xp 00000000 08:05 134661     /usr/lib/i386-linux-gnu/libXext.so.6.4.0
0027d000-0027e000 r--p 0000c000 08:05 134661     /usr/lib/i386-linux-gnu/libXext.so.6.4.0
0027e000-0027f000 rw-p 0000d000 08:05 134661     /usr/lib/i386-linux-gnu/libXext.so.6.4.0
0027f000-0028c000 r-xp 00000000 08:05 134667     /usr/lib/i386-linux-gnu/libXi.so.6.1.0
0028c000-0028d000 r--p 0000c000 08:05 134667     /usr/lib/i386-linux-gnu/libXi.so.6.1.0
0028d000-0028e000 rw-p 0000d000 08:05 134667     /usr/lib/i386-linux-gnu/libXi.so.6.1.0
0028e000-002a5000 r-xp 00000000 08:05 134754     /usr/lib/i386-linux-gnu/libxcb.so.1.1.0
002a5000-002a6000 r--p 00016000 08:05 134754     /usr/lib/i386-linux-gnu/libxcb.so.1.1.0
002a6000-002a7000 rw-p 00017000 08:05 134754     /usr/lib/i386-linux-gnu/libxcb.so.1.1.0
002a9000-002b2000 r-xp 00000000 08:05 1311604    /lib/i386-linux-gnu/libnss_nis-2.13.so
002b2000-002b3000 r--p 00008000 08:05 1311604    /lib/i386-linux-gnu/libnss_nis-2.13.so
002b3000-002b4000 rw-p 00009000 08:05 1311604    /lib/i386-linux-gnu/libnss_nis-2.13.so
002b4000-002b8000 r-xp 00000000 08:05 134659     /usr/lib/i386-linux-gnu/libXdmcp.so.6.0.0
002b8000-002b9000 r--p 00003000 08:05 134659     /usr/lib/i386-linux-gnu/libXdmcp.so.6.0.0
002b9000-002ba000 rw-p 00004000 08:05 134659     /usr/lib/i386-linux-gnu/libXdmcp.so.6.0.0
002ba000-002c3000 r-xp 00000000 08:05 267466     /usr/lib/jvm/java-6-openjdk/jre/lib/i386/libjpeg.so
002c3000-002c4000 r--p 00008000 08:05 267466     /usr/lib/jvm/java-6-openjdk/jre/lib/i386/libjpeg.so
002c4000-002c5000 rw-p 00009000 08:05 267466     /usr/lib/jvm/java-6-openjdk/jre/lib/i386/libjpeg.so
002c5000-002d2000 r-xp 00000000 08:05 267460     /usr/lib/jvm/java-6-openjdk/jre/lib/i386/libj2pkcs11.so
002d2000-002d3000 r--p 0000c000 08:05 267460     /usr/lib/jvm/java-6-openjdk/jre/lib/i386/libj2pkcs11.so
002d3000-002d4000 rw-p 0000d000 08:05 267460     /usr/lib/jvm/java-6-openjdk/jre/lib/i386/libj2pkcs11.so
002d4000-002d7000 r-xp 00000000 08:05 133540     /usr/lib/libplc4.so
002d7000-002d8000 r--p 00002000 08:05 133540     /usr/lib/libplc4.so
002d8000-002d9000 rw-p 00003000 08:05 133540     /usr/lib/libplc4.so
002d9000-002db000 r-xp 00000000 08:05 133541     /usr/lib/libplds4.so
002db000-002dc000 r--p 00001000 08:05 133541     /usr/lib/libplds4.so
002dc000-002dd000 rw-p 00002000 08:05 133541     /usr/lib/libplds4.so
002dd000-002f0000 r-xp 00000000 08:05 267472     /usr/lib/jvm/java-6-openjdk/jre/lib/i386/libnet.so
002f0000-002f1000 r--p 00013000 08:05 267472     /usr/lib/jvm/java-6-openjdk/jre/lib/i386/libnet.so
002f1000-002f2000 rw-p 00014000 08:05 267472     /usr/lib/jvm/java-6-openjdk/jre/lib/i386/libnet.so
002f2000-00321000 r-xp 00000000 08:05 133469     /usr/lib/libnspr4.so
00321000-00322000 r--p 0002e000 08:05 133469     /usr/lib/libnspr4.so
00322000-00323000 rw-p 0002f000 08:05 133469     /usr/lib/libnspr4.so
00323000-00325000 rw-p 00000000 00:00 0 
00325000-0032c000 r-xp 00000000 08:05 267473     /usr/lib/jvm/java-6-openjdk/jre/lib/i386/libnio.so
0032c000-0032d000 r--p 00006000 08:05 267473     /usr/lib/jvm/java-6-openjdk/jre/lib/i386/libnio.so
0032d000-0032e000 rw-p 00007000 08:05 267473     /usr/lib/jvm/java-6-openjdk/jre/lib/i386/libnio.so
00348000-0034e000 r-xp 00000000 08:05 267479     /usr/lib/jvm/java-6-openjdk/jre/lib/i386/libzip.so
0034e000-0034f000 r--p 00005000 08:05 267479     /usr/lib/jvm/java-6-openjdk/jre/lib/i386/libzip.so
0034f000-00350000 rw-p 00006000 08:05 267479     /usr/lib/jvm/java-6-openjdk/jre/lib/i386/libzip.so
00381000-00385000 r-xp 00000000 08:05 132767     /usr/lib/libXtst.so.6.1.0
00385000-00386000 r--p 00003000 08:05 132767     /usr/lib/libXtst.so.6.1.0
00386000-00387000 rw-p 00004000 08:05 132767     /usr/lib/libXtst.so.6.1.0
00387000-003be000 r-xp 00000000 08:05 136494     /usr/lib/nss/libsoftokn3.so
003be000-003bf000 r--p 00036000 08:05 136494     /usr/lib/nss/libsoftokn3.so
003bf000-003c0000 rw-p 00037000 08:05 136494     /usr/lib/nss/libsoftokn3.so
003de000-00402000 r-xp 00000000 08:05 1311591    /lib/i386-linux-gnu/libm-2.13.so
00402000-00403000 r--p 00023000 08:05 1311591    /lib/i386-linux-gnu/libm-2.13.so
00403000-00404000 rw-p 00024000 08:05 1311591    /lib/i386-linux-gnu/libm-2.13.so
0042e000-00434000 r-xp 00000000 08:05 1311596    /lib/i386-linux-gnu/libnss_compat-2.13.so
00434000-00435000 r--p 00005000 08:05 1311596    /lib/i386-linux-gnu/libnss_compat-2.13.so
00435000-00436000 rw-p 00006000 08:05 1311596    /lib/i386-linux-gnu/libnss_compat-2.13.so
00436000-00480000 r-xp 00000000 08:05 136489     /usr/lib/nss/libfreebl3.so
00480000-00481000 r--p 0004a000 08:05 136489     /usr/lib/nss/libfreebl3.so
00481000-00482000 rw-p 0004b000 08:05 136489     /usr/lib/nss/libfreebl3.so
00482000-00486000 rw-p 00000000 00:00 0 
004a5000-004ba000 r-xp 00000000 08:05 1311619    /lib/i386-linux-gnu/libpthread-2.13.so
004ba000-004bb000 r--p 00015000 08:05 1311619    /lib/i386-linux-gnu/libpthread-2.13.so
004bb000-004bc000 rw-p 00016000 08:05 1311619    /lib/i386-linux-gnu/libpthread-2.13.so
004bc000-004be000 rw-p 00000000 00:00 0 
004be000-00547000 r-xp 00000000 08:05 267453     /usr/lib/jvm/java-6-openjdk/jre/lib/i386/libawt.so
00547000-00548000 r--p 00088000 08:05 267453     /usr/lib/jvm/java-6-openjdk/jre/lib/i386/libawt.so
00548000-0054f000 rw-p 00089000 08:05 267453     /usr/lib/jvm/java-6-openjdk/jre/lib/i386/libawt.so
0054f000-00573000 rw-p 00000000 00:00 0 
005d3000-005e7000 r-xp 00000000 08:05 133472     /usr/lib/libnssutil3.so
005e7000-005e8000 ---p 00014000 08:05 133472     /usr/lib/libnssutil3.so
005e8000-005eb000 r--p 00014000 08:05 133472     /usr/lib/libnssutil3.so
005eb000-005ec000 rw-p 00017000 08:05 133472     /usr/lib/libnssutil3.so
0061b000-00635000 r-xp 00000000 08:05 1311582    /lib/i386-linux-gnu/libgcc_s.so.1
00635000-00636000 r--p 00019000 08:05 1311582    /lib/i386-linux-gnu/libgcc_s.so.1
00636000-00637000 rw-p 0001a000 08:05 1311582    /lib/i386-linux-gnu/libgcc_s.so.1
00648000-00674000 r-xp 00000000 08:05 267469     /usr/lib/jvm/java-6-openjdk/jre/lib/i386/liblcms.so
00674000-00675000 r--p 0002b000 08:05 267469     /usr/lib/jvm/java-6-openjdk/jre/lib/i386/liblcms.so
00675000-00676000 rw-p 0002c000 08:05 267469     /usr/lib/jvm/java-6-openjdk/jre/lib/i386/liblcms.so
00676000-00678000 rw-p 00000000 00:00 0 
00699000-006bc000 r-xp 00000000 08:05 267462     /usr/lib/jvm/java-6-openjdk/jre/lib/i386/libjava.so
006bc000-006bd000 r--p 00022000 08:05 267462     /usr/lib/jvm/java-6-openjdk/jre/lib/i386/libjava.so
006bd000-006bf000 rw-p 00023000 08:05 267462     /usr/lib/jvm/java-6-openjdk/jre/lib/i386/libjava.so
006c3000-006c6000 r-xp 00000000 08:05 267450     /usr/lib/jvm/java-6-openjdk/jre/lib/i386/jli/libjli.so
006c6000-006c7000 r--p 00002000 08:05 267450     /usr/lib/jvm/java-6-openjdk/jre/lib/i386/jli/libjli.so
006c7000-006c8000 rw-p 00003000 08:05 267450     /usr/lib/jvm/java-6-openjdk/jre/lib/i386/jli/libjli.so
006ef000-00702000 r-xp 00000000 08:05 1311637    /lib/i386-linux-gnu/libz.so.1.2.3.4
00702000-00703000 r--p 00012000 08:05 1311637    /lib/i386-linux-gnu/libz.so.1.2.3.4
00703000-00704000 rw-p 00013000 08:05 1311637    /lib/i386-linux-gnu/libz.so.1.2.3.4
0072b000-00885000 r-xp 00000000 08:05 1311554    /lib/i386-linux-gnu/libc-2.13.so
00885000-00886000 ---p 0015a000 08:05 1311554    /lib/i386-linux-gnu/libc-2.13.so
00886000-00888000 r--p 0015a000 08:05 1311554    /lib/i386-linux-gnu/libc-2.13.so
00888000-00889000 rw-p 0015c000 08:05 1311554    /lib/i386-linux-gnu/libc-2.13.so
00889000-0088c000 rw-p 00000000 00:00 0 
008c6000-008ce000 r-xp 00000000 08:05 134673     /usr/lib/i386-linux-gnu/libXrender.so.1.3.0
008ce000-008cf000 r--p 00007000 08:05 134673     /usr/lib/i386-linux-gnu/libXrender.so.1.3.0
008cf000-008d0000 rw-p 00008000 08:05 134673     /usr/lib/i386-linux-gnu/libXrender.so.1.3.0
00928000-00932000 r-xp 00000000 08:05 1311600    /lib/i386-linux-gnu/libnss_files-2.13.so
00932000-00933000 r--p 00009000 08:05 1311600    /lib/i386-linux-gnu/libnss_files-2.13.so
00933000-00934000 rw-p 0000a000 08:05 1311600    /lib/i386-linux-gnu/libnss_files-2.13.so
009a1000-009a8000 r-xp 00000000 08:05 1311623    /lib/i386-linux-gnu/librt-2.13.so
009a8000-009a9000 r--p 00006000 08:05 1311623    /lib/i386-linux-gnu/librt-2.13.so
009a9000-009aa000 rw-p 00007000 08:05 1311623    /lib/i386-linux-gnu/librt-2.13.so
009aa000-00ac0000 r-xp 00000000 08:05 134649     /usr/lib/i386-linux-gnu/libX11.so.6.3.0
00ac0000-00ac1000 ---p 00116000 08:05 134649     /usr/lib/i386-linux-gnu/libX11.so.6.3.0
00ac1000-00ac2000 r--p 00116000 08:05 134649     /usr/lib/i386-linux-gnu/libX11.so.6.3.0
00ac2000-00ac4000 rw-p 00117000 08:05 134649     /usr/lib/i386-linux-gnu/libX11.so.6.3.0
00ac4000-00ac5000 rw-p 00000000 00:00 0 
00ac6000-00ac7000 r-xp 00000000 00:00 0          [vdso]
00af2000-00b0e000 r-xp 00000000 08:05 1311541    /lib/i386-linux-gnu/ld-2.13.so
00b0e000-00b0f000 r--p 0001b000 08:05 1311541    /lib/i386-linux-gnu/ld-2.13.so
00b0f000-00b10000 rw-p 0001c000 08:05 1311541    /lib/i386-linux-gnu/ld-2.13.so
00b10000-011d6000 r-xp 00000000 08:05 267483     /usr/lib/jvm/java-6-openjdk/jre/lib/i386/server/libjvm.so
011d6000-011d7000 ---p 006c6000 08:05 267483     /usr/lib/jvm/java-6-openjdk/jre/lib/i386/server/libjvm.so
011d7000-0121c000 r--p 006c6000 08:05 267483     /usr/lib/jvm/java-6-openjdk/jre/lib/i386/server/libjvm.so
0121c000-0122b000 rw-p 0070b000 08:05 267483     /usr/lib/jvm/java-6-openjdk/jre/lib/i386/server/libjvm.so
0122b000-01645000 rw-p 00000000 00:00 0 
041bb000-04242000 r-xp 00000000 08:05 134738     /usr/lib/i386-linux-gnu/libsqlite3.so.0.8.6
04242000-04243000 ---p 00087000 08:05 134738     /usr/lib/i386-linux-gnu/libsqlite3.so.0.8.6
04243000-04244000 r--p 00087000 08:05 134738     /usr/lib/i386-linux-gnu/libsqlite3.so.0.8.6
04244000-04245000 rw-p 00088000 08:05 134738     /usr/lib/i386-linux-gnu/libsqlite3.so.0.8.6
04245000-04246000 rw-p 00000000 00:00 0 
08048000-08051000 r-xp 00000000 08:05 267511     /usr/lib/jvm/java-6-openjdk/jre/bin/java
08051000-08052000 r--p 00008000 08:05 267511     /usr/lib/jvm/java-6-openjdk/jre/bin/java
08052000-08053000 rw-p 00009000 08:05 267511     /usr/lib/jvm/java-6-openjdk/jre/bin/java
08b50000-08c5b000 r-xp 00000000 08:05 133470     /usr/lib/libnss3.so
08c5b000-08c5e000 r--p 0010a000 08:05 133470     /usr/lib/libnss3.so
08c5e000-08c60000 rw-p 0010d000 08:05 133470     /usr/lib/libnss3.so
0932f000-0a45a000 rw-p 00000000 00:00 0          [heap]
89d00000-89dfa000 rw-p 00000000 00:00 0 
89dfa000-89e00000 ---p 00000000 00:00 0 
89f00000-89ff1000 rw-p 00000000 00:00 0 
89ff1000-8a000000 ---p 00000000 00:00 0 
8a000000-8a0f4000 rw-p 00000000 00:00 0 
8a0f4000-8a100000 ---p 00000000 00:00 0 
8a100000-8a1f9000 rw-p 00000000 00:00 0 
8a1f9000-8a200000 ---p 00000000 00:00 0 
8a200000-8a2f9000 rw-p 00000000 00:00 0 
8a2f9000-8a300000 ---p 00000000 00:00 0 
8a300000-8a4fc000 rw-p 00000000 00:00 0 
8a4fc000-8a500000 ---p 00000000 00:00 0 
8a500000-8a5af000 rw-p 00000000 00:00 0 
8a5af000-8a600000 ---p 00000000 00:00 0 
8a600000-8a6fe000 rw-p 00000000 00:00 0 
8a6fe000-8a700000 ---p 00000000 00:00 0 
8a700000-8a7ff000 rw-p 00000000 00:00 0 
8a7ff000-8a800000 ---p 00000000 00:00 0 
8a800000-8a89a000 rw-p 00000000 00:00 0 
8a89a000-8a900000 ---p 00000000 00:00 0 
8a900000-8aac8000 rw-p 00000000 00:00 0 
8aac8000-8ab00000 ---p 00000000 00:00 0 
8ab00000-8abfb000 rw-p 00000000 00:00 0 
8abfb000-8ac00000 ---p 00000000 00:00 0 
8ac1a000-8ac1d000 ---p 00000000 00:00 0 
8ac1d000-8ac6b000 rw-p 00000000 00:00 0 
8ac6b000-8ac6e000 ---p 00000000 00:00 0 
8ac6e000-8acbc000 rw-p 00000000 00:00 0 
8acbc000-8acbf000 ---p 00000000 00:00 0 
8acbf000-8ad0d000 rw-p 00000000 00:00 0 
8ad0d000-8ad10000 ---p 00000000 00:00 0 
8ad10000-8ad5e000 rw-p 00000000 00:00 0 
8ad5e000-8ad61000 ---p 00000000 00:00 0 
8ad61000-8adaf000 rw-p 00000000 00:00 0 
8adaf000-8adb2000 ---p 00000000 00:00 0 
8adb2000-8ae00000 rw-p 00000000 00:00 0 
8ae00000-8aeff000 rw-p 00000000 00:00 0 
8aeff000-8af00000 ---p 00000000 00:00 0 
8af29000-8af2c000 ---p 00000000 00:00 0 
8af2c000-8af7a000 rw-p 00000000 00:00 0 
8af7a000-8af94000 r--s 001be000 08:05 8127139    /home/cane/workspace/cupido/cupidoGWT/war/WEB-INF/lib/datanucleus-core-1.1.5.jar
8af94000-8b000000 r--s 0105c000 08:05 8127133    /home/cane/workspace/cupido/cupidoGWT/war/WEB-INF/lib/appengine-api-1.0-sdk-1.5.0.1.jar
8b000000-8b0e9000 rw-p 00000000 00:00 0 
8b0e9000-8b100000 ---p 00000000 00:00 0 
8b100000-8b1cc000 rw-p 00000000 00:00 0 
8b1cc000-8b200000 ---p 00000000 00:00 0 
8b200000-8b2fe000 rw-p 00000000 00:00 0 
8b2fe000-8b300000 ---p 00000000 00:00 0 
8b30c000-8b36b000 r--s 00468000 08:05 8127150    /home/cane/workspace/cupido/cupidoGWT/war/WEB-INF/lib/gwt-servlet.jar
8b36b000-8b36e000 ---p 00000000 00:00 0 
8b36e000-8b3bc000 rw-p 00000000 00:00 0 
8b3bc000-8b3bf000 ---p 00000000 00:00 0 
8b3bf000-8b40d000 rw-p 00000000 00:00 0 
8b40d000-8b410000 ---p 00000000 00:00 0 
8b410000-8b45e000 rw-p 00000000 00:00 0 
8b45e000-8b461000 ---p 00000000 00:00 0 
8b461000-8b4af000 rw-p 00000000 00:00 0 
8b4af000-8b4b2000 ---p 00000000 00:00 0 
8b4b2000-8b500000 rw-p 00000000 00:00 0 
8b500000-8b600000 rw-p 00000000 00:00 0 
8b612000-8b616000 r--s 0002c000 08:05 8127149    /home/cane/workspace/cupido/cupidoGWT/war/WEB-INF/lib/gwt-comet-1.2.3.jar
8b616000-8b617000 r--s 00001000 08:05 8127135    /home/cane/workspace/cupido/cupidoGWT/war/WEB-INF/lib/appengine-jsr107cache-1.5.0.1.jar
8b617000-8b61d000 r--s 0002a000 08:05 8127151    /home/cane/workspace/cupido/cupidoGWT/war/WEB-INF/lib/jdo2-api-2.3-eb.jar
8b61d000-8b621000 r--s 00022000 08:05 8127140    /home/cane/workspace/cupido/cupidoGWT/war/WEB-INF/lib/datanucleus-jpa-1.1.5.jar
8b621000-8b62b000 r--s 001a9000 08:05 8127134    /home/cane/workspace/cupido/cupidoGWT/war/WEB-INF/lib/appengine-api-labs-1.5.0.1.jar
8b62b000-8b631000 r--s 00045000 08:05 8127138    /home/cane/workspace/cupido/cupidoGWT/war/WEB-INF/lib/datanucleus-appengine-1.0.8.final.jar
8b631000-8b634000 r--s 0000a000 08:05 8127147    /home/cane/workspace/cupido/cupidoGWT/war/WEB-INF/lib/geronimo-jpa_3.0_spec-1.1.1.jar
8b634000-8b638000 r--s 0002c000 08:05 7998539    /home/cane/workspace/cupido/cupidoGWT/gwt-comet-1.2.3.jar
8b638000-8b63f000 r--s 00021000 08:05 7476459    /home/cane/workspace/cupido/cupidoBackendInterfaces/net.shotwave.eclipse.rmic_0.0.2.jar
8b63f000-8b693000 r--s 008df000 08:05 8127136    /home/cane/workspace/cupido/cupidoGWT/war/WEB-INF/lib/appengine-tools-api.jar
8b693000-8b696000 ---p 00000000 00:00 0 
8b696000-8b6e4000 rw-p 00000000 00:00 0 
8b6e4000-8b6e7000 ---p 00000000 00:00 0 
8b6e7000-8b735000 rw-p 00000000 00:00 0 
8b735000-8b738000 ---p 00000000 00:00 0 
8b738000-8b7b4000 rw-p 00000000 00:00 0 
8b7b4000-8b924000 r--s 01951000 08:05 7081138    /home/cane/Programs/eclipse/plugins/com.google.gwt.eclipse.sdkbundle_2.3.0.r36v201104261928/gwt-2.3.0/gwt-dev.jar
8b924000-8b9f5000 r--s 00a99000 08:05 7081144    /home/cane/Programs/eclipse/plugins/com.google.gwt.eclipse.sdkbundle_2.3.0.r36v201104261928/gwt-2.3.0/gwt-user.jar
8b9f5000-8b9f6000 ---p 00000000 00:00 0 
8b9f6000-8ba76000 rw-p 00000000 00:00 0 
8ba76000-8ba79000 ---p 00000000 00:00 0 
8ba79000-8bac7000 rw-p 00000000 00:00 0 
8bac7000-8baca000 ---p 00000000 00:00 0 
8baca000-8bb48000 rw-p 00000000 00:00 0 
8bb48000-8bb4b000 ---p 00000000 00:00 0 
8bb4b000-8bbc9000 rw-p 00000000 00:00 0 
8bbc9000-8bbcc000 ---p 00000000 00:00 0 
8bbcc000-8bc1a000 rw-p 00000000 00:00 0 
8bc1a000-8be1a000 r--p 00000000 08:05 136468     /usr/lib/locale/locale-archive
8be1a000-8be1d000 ---p 00000000 00:00 0 
8be1d000-8be6b000 rw-p 00000000 00:00 0 
8be6b000-8be6e000 ---p 00000000 00:00 0 
8be6e000-8bebc000 rw-p 00000000 00:00 0 
8bebc000-8bebd000 ---p 00000000 00:00 0 
8bebd000-8bf70000 rw-p 00000000 00:00 0 
8bf70000-8c100000 r--s 037af000 08:05 267442     /usr/lib/jvm/java-6-openjdk/jre/lib/rt.jar
8c100000-8c200000 rw-p 00000000 00:00 0 
8c200000-8c201000 r--s 00001000 08:05 8127152    /home/cane/workspace/cupido/cupidoGWT/war/WEB-INF/lib/jsr107cache-1.1.jar
8c201000-8c202000 r--s 00003000 08:05 8127148    /home/cane/workspace/cupido/cupidoGWT/war/WEB-INF/lib/geronimo-jta_1.1_spec-1.1.1.jar
8c202000-8c204000 r--s 00013000 08:05 266961     /usr/lib/jvm/java-6-openjdk/jre/lib/jce.jar
8c204000-8c20b000 r--s 000fb000 08:05 266966     /usr/lib/jvm/java-6-openjdk/jre/lib/resources.jar
8c20b000-8c20f000 r--s 0007c000 08:05 266962     /usr/lib/jvm/java-6-openjdk/jre/lib/jsse.jar
8c20f000-8c212000 r--s 00031000 08:05 266946     /usr/lib/jvm/java-6-openjdk/jre/lib/ext/sunjce_provider.jar
8c212000-8c216000 r--s 00038000 08:05 266943     /usr/lib/jvm/java-6-openjdk/jre/lib/ext/sunpkcs11.jar
8c216000-8c218000 r--s 00001000 08:05 266944     /usr/lib/jvm/java-6-openjdk/jre/lib/ext/dnsns.jar
8c218000-8c220000 r--s 00066000 08:05 403283     /usr/share/java/gnome-java-bridge.jar
8c220000-8c221000 ---p 00000000 00:00 0 
8c221000-8c2a1000 rw-p 00000000 00:00 0 
8c2a1000-8c2a2000 ---p 00000000 00:00 0 
8c2a2000-8c322000 rw-p 00000000 00:00 0 
8c322000-8c323000 ---p 00000000 00:00 0 
8c323000-8c3a3000 rw-p 00000000 00:00 0 
8c3a3000-8c3a4000 ---p 00000000 00:00 0 
8c3a4000-8c432000 rw-p 00000000 00:00 0 
8c432000-8c464000 rw-p 00000000 00:00 0 
8c464000-8c489000 rw-p 00000000 00:00 0 
8c489000-8c50f000 rw-p 00000000 00:00 0 
8c50f000-8c51d000 rw-p 00000000 00:00 0 
8c51d000-8c54f000 rw-p 00000000 00:00 0 
8c54f000-8c574000 rw-p 00000000 00:00 0 
8c574000-8c5f9000 rw-p 00000000 00:00 0 
8c5f9000-8c64f000 rw-p 00000000 00:00 0 
8c64f000-8e250000 rw-p 00000000 00:00 0 
8e250000-94650000 rw-p 00000000 00:00 0 
94650000-98ed0000 rw-p 00000000 00:00 0 
98ed0000-a9bb0000 rw-p 00000000 00:00 0 
a9bb0000-b4650000 rw-p 00000000 00:00 0 
b4650000-b4653000 r--s 00077000 08:05 266945     /usr/lib/jvm/java-6-openjdk/jre/lib/ext/localedata.jar
b4653000-b4655000 r--s 00019000 08:05 8127154    /home/cane/workspace/cupido/cupidoGWT/war/WEB-INF/lib/repackaged-appengine-jasper-el-6.0.29.jar
b4655000-b465f000 rw-p 00000000 00:00 0 
b465f000-b4715000 rw-p 00000000 00:00 0 
b4715000-b4985000 rwxp 00000000 00:00 0 
b4985000-b7715000 rw-p 00000000 00:00 0 
b7715000-b7718000 ---p 00000000 00:00 0 
b7718000-b7769000 rw-p 00000000 00:00 0 
b7769000-b776b000 r--s 00002000 08:05 8127153    /home/cane/workspace/cupido/cupidoGWT/war/WEB-INF/lib/repackaged-appengine-ant-launcher-1.7.1.jar
b776b000-b776d000 r--s 0000e000 08:05 7081148    /home/cane/Programs/eclipse/plugins/com.google.gwt.eclipse.sdkbundle_2.3.0.r36v201104261928/gwt-2.3.0/validation-api-1.0.0.GA-sources.jar
b776d000-b7770000 r--s 00009000 08:05 7081149    /home/cane/Programs/eclipse/plugins/com.google.gwt.eclipse.sdkbundle_2.3.0.r36v201104261928/gwt-2.3.0/validation-api-1.0.0.GA.jar
b7770000-b7773000 r--s 0000f000 08:05 266948     /usr/lib/jvm/java-6-openjdk/jre/lib/ext/pulse-java.jar
b7773000-b7774000 r--p 002a1000 08:05 136468     /usr/lib/locale/locale-archive
b7774000-b777c000 rw-s 00000000 08:05 7998578    /tmp/hsperfdata_cane/30433
b777c000-b777d000 rw-p 00000000 00:00 0 
b777d000-b777e000 r--p 00000000 00:00 0 
b777e000-b7780000 rw-p 00000000 00:00 0 
bf941000-bf962000 rw-p 00000000 00:00 0          [stack]

VM Arguments:
jvm_args: -Xmx512m -Dfile.encoding=UTF-8 
java_command: com.google.gwt.dev.DevMode -remoteUI 36492:24633102394854 -startupUrl Cupido.html -logLevel INFO -codeServerPort 9997 -port 8888 -war /home/cane/workspace/cupido/cupidoGWT/war unibo.as.cupido.Cupido
Launcher Type: SUN_STANDARD

Environment Variables:
PATH=/usr/local/sbin:/usr/local/bin:/usr/sbin:/usr/bin:/sbin:/bin:/usr/games
LD_LIBRARY_PATH=/usr/lib/jvm/java-6-openjdk/jre/lib/i386/server:/usr/lib/jvm/java-6-openjdk/jre/lib/i386:/usr/lib/jvm/java-6-openjdk/jre/../lib/i386:/usr/lib/jvm/java-6-openjdk/jre/lib/i386/client:/usr/lib/jvm/java-6-openjdk/jre/lib/i386:
SHELL=/bin/bash
DISPLAY=:0

Signal Handlers:
SIGSEGV: [libjvm.so+0x656ec0], sa_mask[0]=0x7ffbfeff, sa_flags=0x10000004
SIGBUS: [libjvm.so+0x656ec0], sa_mask[0]=0x7ffbfeff, sa_flags=0x10000004
SIGFPE: [libjvm.so+0x51d3e0], sa_mask[0]=0x7ffbfeff, sa_flags=0x10000004
SIGPIPE: SIG_IGN, sa_mask[0]=0x00000000, sa_flags=0x00000000
SIGXFSZ: [libjvm.so+0x51d3e0], sa_mask[0]=0x7ffbfeff, sa_flags=0x10000004
SIGILL: [libjvm.so+0x51d3e0], sa_mask[0]=0x7ffbfeff, sa_flags=0x10000004
SIGUSR1: SIG_DFL, sa_mask[0]=0x00000000, sa_flags=0x00000000
SIGUSR2: [libjvm.so+0x51d250], sa_mask[0]=0x00000004, sa_flags=0x10000004
SIGHUP: [libjvm.so+0x520040], sa_mask[0]=0x7ffbfeff, sa_flags=0x10000004
SIGINT: [libjvm.so+0x520040], sa_mask[0]=0x7ffbfeff, sa_flags=0x10000004
SIGTERM: [libjvm.so+0x520040], sa_mask[0]=0x7ffbfeff, sa_flags=0x10000004
SIGQUIT: [libjvm.so+0x520040], sa_mask[0]=0x7ffbfeff, sa_flags=0x10000004


---------------  S Y S T E M  ---------------

OS:Ubuntu 11.04 (natty)
uname:Linux 2.6.38-8-generic #42-Ubuntu SMP Mon Apr 11 03:31:50 UTC 2011 i686
libc:glibc 2.13 NPTL 2.13 
rlimit: STACK 8192k, CORE 0k, NPROC infinity, NOFILE 4096, AS infinity
load average:1.10 1.27 1.31

/proc/meminfo:
MemTotal:        2503188 kB
MemFree:          515240 kB
Buffers:           53296 kB
Cached:           708224 kB
SwapCached:        11328 kB
Active:          1132016 kB
Inactive:         727548 kB
Active(anon):     906720 kB
Inactive(anon):   435856 kB
Active(file):     225296 kB
Inactive(file):   291692 kB
Unevictable:           0 kB
Mlocked:               0 kB
HighTotal:       1636616 kB
HighFree:           2396 kB
LowTotal:         866572 kB
LowFree:          512844 kB
SwapTotal:      10950600 kB
SwapFree:       10759240 kB
Dirty:              1764 kB
Writeback:             0 kB
AnonPages:       1087696 kB
Mapped:           133776 kB
Shmem:            244504 kB
Slab:              59956 kB
SReclaimable:      28192 kB
SUnreclaim:        31764 kB
KernelStack:        4856 kB
PageTables:        13640 kB
NFS_Unstable:          0 kB
Bounce:                0 kB
WritebackTmp:          0 kB
CommitLimit:    12202192 kB
Committed_AS:    3626840 kB
VmallocTotal:     122880 kB
VmallocUsed:       46640 kB
VmallocChunk:      42628 kB
HardwareCorrupted:     0 kB
HugePages_Total:       0
HugePages_Free:        0
HugePages_Rsvd:        0
HugePages_Surp:        0
Hugepagesize:       4096 kB
DirectMap4k:       16376 kB
DirectMap4M:      892928 kB


CPU:total 4 (2 cores per cpu, 2 threads per core) family 6 model 37 stepping 5, cmov, cx8, fxsr, mmx, sse, sse2, sse3, ssse3, sse4.1, sse4.2, popcnt, ht

Memory: 4k page, physical 2503188k(515240k free), swap 10950600k(10759240k free)

vm_info: OpenJDK Server VM (20.0-b11) for linux-x86 JRE (1.6.0_22-b22), built on Apr  5 2011 14:11:46 by "buildd" with gcc 4.5.2

time: Thu Jun  9 15:20:54 2011
elapsed time: 214 seconds

